<?xml version="1.0" encoding="UTF-8"?>
<!-- Generated by org.testng.reporters.JUnitReportReporter -->
<testsuite hostname="DESKTOP-OC81GH5" failures="1" tests="4" name="cucumberoptions.Testngtestrunner" time="626.840" errors="0" timestamp="2025-05-24T10:50:12 IST" skipped="0">
  <testcase classname="cucumberoptions.Testngtestrunner" name="runScenario" time="154.071"/>
  <testcase classname="cucumberoptions.Testngtestrunner" name="runScenario" time="155.212">
    <failure message="expected [No data] but found [Beetroot]" type="java.lang.AssertionError">
      <![CDATA[java.lang.AssertionError: expected [No data] but found [Beetroot]
at org.testng.Assert.fail(Assert.java:111)
at org.testng.Assert.failNotEquals(Assert.java:1578)
at org.testng.Assert.assertEqualsImpl(Assert.java:150)
at org.testng.Assert.assertEquals(Assert.java:132)
at org.testng.Assert.assertEquals(Assert.java:656)
at org.testng.Assert.assertEquals(Assert.java:666)
at StepDefination.Offerstepefination.validate_product_and_offerpage(Offerstepefination.java:45)
at âœ½.validate product and offerpage(file:///C:/Users/kurap/eclipse-workspace_1/BDDAUTOMATION/src/test/java/featuresfiles/firstprogram.feature:7)
]]>
    </failure>
  </testcase> <!-- runScenario -->
  <testcase classname="cucumberoptions.Testngtestrunner" name="runScenario" time="160.155"/>
  <testcase classname="cucumberoptions.Testngtestrunner" name="runScenario" time="157.402"/>
</testsuite> <!-- cucumberoptions.Testngtestrunner -->
